\BOOKMARK [1][-]{section.1}{\376\377\000T\000e\000a\000m\000\040\000I\000n\000f\000o\000r\000m\000a\000t\000i\000o\000n}{}% 1
\BOOKMARK [1][-]{section.2}{\376\377\000P\000r\000o\000p\000e\000r\000t\000y\000\040\000G\000r\000a\000p\000h\000\040\000S\000c\000h\000e\000m\000a}{}% 2
\BOOKMARK [2][-]{subsection.2.1}{\376\377\000N\000o\000d\000e\000:\000\040\000U\000s\000e\000r}{section.2}% 3
\BOOKMARK [2][-]{subsection.2.2}{\376\377\000R\000e\000l\000a\000t\000i\000o\000n\000s\000h\000i\000p\000:\000\040\000F\000O\000L\000L\000O\000W\000S}{section.2}% 4
\BOOKMARK [1][-]{section.3}{\376\377\000D\000a\000t\000a\000s\000e\000t\000\040\000I\000n\000f\000o\000r\000m\000a\000t\000i\000o\000n}{}% 5
\BOOKMARK [2][-]{subsection.3.1}{\376\377\000D\000a\000t\000a\000s\000e\000t\000\040\000S\000o\000u\000r\000c\000e}{section.3}% 6
\BOOKMARK [2][-]{subsection.3.2}{\376\377\000D\000a\000t\000a\000s\000e\000t\000\040\000D\000e\000s\000c\000r\000i\000p\000t\000i\000o\000n}{section.3}% 7
\BOOKMARK [2][-]{subsection.3.3}{\376\377\000D\000a\000t\000a\000\040\000P\000r\000o\000c\000e\000s\000s\000i\000n\000g\000\040\000a\000n\000d\000\040\000L\000o\000a\000d\000i\000n\000g}{section.3}% 8
\BOOKMARK [2][-]{subsection.3.4}{\376\377\000C\000y\000p\000h\000e\000r\000\040\000S\000t\000a\000t\000e\000m\000e\000n\000t\000s\000\040\000f\000o\000r\000\040\000D\000a\000t\000a\000\040\000C\000r\000e\000a\000t\000i\000o\000n}{section.3}% 9
\BOOKMARK [1][-]{section.4}{\376\377\000U\000s\000e\000\040\000C\000a\000s\000e\000\040\000E\000v\000i\000d\000e\000n\000c\000e}{}% 10
\BOOKMARK [2][-]{subsection.4.1}{\376\377\000U\000C\000-\0001\000:\000\040\000U\000s\000e\000r\000\040\000R\000e\000g\000i\000s\000t\000r\000a\000t\000i\000o\000n}{section.4}% 11
\BOOKMARK [2][-]{subsection.4.2}{\376\377\000U\000C\000-\0002\000:\000\040\000U\000s\000e\000r\000\040\000L\000o\000g\000i\000n}{section.4}% 12
\BOOKMARK [2][-]{subsection.4.3}{\376\377\000U\000C\000-\0003\000:\000\040\000V\000i\000e\000w\000\040\000P\000r\000o\000f\000i\000l\000e}{section.4}% 13
\BOOKMARK [2][-]{subsection.4.4}{\376\377\000U\000C\000-\0004\000:\000\040\000E\000d\000i\000t\000\040\000P\000r\000o\000f\000i\000l\000e}{section.4}% 14
\BOOKMARK [2][-]{subsection.4.5}{\376\377\000U\000C\000-\0005\000:\000\040\000F\000o\000l\000l\000o\000w\000\040\000A\000n\000o\000t\000h\000e\000r\000\040\000U\000s\000e\000r}{section.4}% 15
\BOOKMARK [2][-]{subsection.4.6}{\376\377\000U\000C\000-\0006\000:\000\040\000U\000n\000f\000o\000l\000l\000o\000w\000\040\000a\000\040\000U\000s\000e\000r}{section.4}% 16
\BOOKMARK [2][-]{subsection.4.7}{\376\377\000U\000C\000-\0007\000:\000\040\000V\000i\000e\000w\000\040\000F\000r\000i\000e\000n\000d\000s\000/\000C\000o\000n\000n\000e\000c\000t\000i\000o\000n\000s}{section.4}% 17
\BOOKMARK [2][-]{subsection.4.8}{\376\377\000U\000C\000-\0008\000:\000\040\000M\000u\000t\000u\000a\000l\000\040\000C\000o\000n\000n\000e\000c\000t\000i\000o\000n\000s}{section.4}% 18
\BOOKMARK [2][-]{subsection.4.9}{\376\377\000U\000C\000-\0009\000:\000\040\000F\000r\000i\000e\000n\000d\000\040\000R\000e\000c\000o\000m\000m\000e\000n\000d\000a\000t\000i\000o\000n\000s}{section.4}% 19
\BOOKMARK [2][-]{subsection.4.10}{\376\377\000U\000C\000-\0001\0000\000:\000\040\000S\000e\000a\000r\000c\000h\000\040\000U\000s\000e\000r\000s}{section.4}% 20
\BOOKMARK [2][-]{subsection.4.11}{\376\377\000U\000C\000-\0001\0001\000:\000\040\000E\000x\000p\000l\000o\000r\000e\000\040\000P\000o\000p\000u\000l\000a\000r\000\040\000U\000s\000e\000r\000s}{section.4}% 21
